0 info it worked if it ends with ok
1 verbose cli [ 'C:\\Program Files\\nodejs\\node.exe',
1 verbose cli   'C:\\Program Files\\nodejs\\node_modules\\npm\\bin\\npm-cli.js',
1 verbose cli   'publish' ]
2 info using npm@3.10.8
3 info using node@v6.9.1
4 verbose publish [ '.' ]
5 silly cache add args [ '.', null ]
6 verbose cache add spec .
7 silly cache add parsed spec Result {
7 silly cache add   raw: '.',
7 silly cache add   scope: null,
7 silly cache add   escapedName: null,
7 silly cache add   name: null,
7 silly cache add   rawSpec: '.',
7 silly cache add   spec: 'C:\\Repositories\\aurelia-table',
7 silly cache add   type: 'directory' }
8 verbose addLocalDirectory C:\Users\Adam\AppData\Roaming\npm-cache\aurelia-table\1.0.4\package.tgz not in flight; packing
9 verbose correctMkdir C:\Users\Adam\AppData\Roaming\npm-cache correctMkdir not in flight; initializing
10 info lifecycle aurelia-table@1.0.4~prepublish: aurelia-table@1.0.4
11 silly lifecycle aurelia-table@1.0.4~prepublish: no script for prepublish, continuing
12 verbose tar pack [ 'C:\\Users\\Adam\\AppData\\Roaming\\npm-cache\\aurelia-table\\1.0.4\\package.tgz',
12 verbose tar pack   'C:\\Repositories\\aurelia-table' ]
13 verbose tarball C:\Users\Adam\AppData\Roaming\npm-cache\aurelia-table\1.0.4\package.tgz
14 verbose folder C:\Repositories\aurelia-table
15 verbose addLocalTarball adding from inside cache C:\Users\Adam\AppData\Roaming\npm-cache\aurelia-table\1.0.4\package.tgz
16 verbose correctMkdir C:\Users\Adam\AppData\Roaming\npm-cache correctMkdir not in flight; initializing
17 silly cache afterAdd aurelia-table@1.0.4
18 verbose afterAdd C:\Users\Adam\AppData\Roaming\npm-cache\aurelia-table\1.0.4\package\package.json not in flight; writing
19 verbose correctMkdir C:\Users\Adam\AppData\Roaming\npm-cache correctMkdir not in flight; initializing
20 verbose afterAdd C:\Users\Adam\AppData\Roaming\npm-cache\aurelia-table\1.0.4\package\package.json written
21 silly publish { name: 'aurelia-table',
21 silly publish   version: '1.0.4',
21 silly publish   description: 'Bare bones bootstrap table/panel setup created as an aurelia element.',
21 silly publish   main: 'dist/commonjs/index.js',
21 silly publish   author: { name: 'Malexion' },
21 silly publish   license: 'ISC',
21 silly publish   repository:
21 silly publish    { type: 'git',
21 silly publish      url: 'git+https://github.com/Malexion/aurelia-table.git' },
21 silly publish   bugs: { url: 'https://github.com/Malexion/aurelia-table/issues' },
21 silly publish   homepage: 'https://github.com/Malexion/aurelia-table#readme',
21 silly publish   devDependencies:
21 silly publish    { 'aurelia-tools': '^0.2.4',
21 silly publish      'babel-eslint': '^6.1.2',
21 silly publish      'babel-plugin-syntax-flow': '^6.8.0',
21 silly publish      'babel-plugin-transform-decorators-legacy': '^1.3.4',
21 silly publish      'babel-plugin-transform-es2015-modules-amd': '^6.8.0',
21 silly publish      'babel-plugin-transform-es2015-modules-commonjs': '^6.11.5',
21 silly publish      'babel-plugin-transform-es2015-modules-systemjs': '^6.11.6',
21 silly publish      'babel-plugin-transform-flow-strip-types': '^6.8.0',
21 silly publish      'babel-preset-es2015': '^6.9.0',
21 silly publish      'babel-preset-es2015-loose': '^7.0.0',
21 silly publish      'babel-preset-stage-1': '^6.5.0',
21 silly publish      'conventional-changelog': '1.1.0',
21 silly publish      del: '^2.2.1',
21 silly publish      gulp: '^3.9.1',
21 silly publish      'gulp-babel': '^6.1.2',
21 silly publish      'gulp-bump': '^2.2.0',
21 silly publish      'gulp-eslint': '^3.0.1',
21 silly publish      'gulp-yuidoc': '^0.1.2',
21 silly publish      isparta: '^4.0.0',
21 silly publish      istanbul: '^1.0.0-alpha.2',
21 silly publish      'jasmine-core': '^2.4.1',
21 silly publish      karma: '^1.1.2',
21 silly publish      'karma-babel-preprocessor': '^6.0.1',
21 silly publish      'karma-chrome-launcher': '^1.0.1',
21 silly publish      'karma-coverage': '^1.1.1',
21 silly publish      'karma-jasmine': '^1.0.2',
21 silly publish      'karma-jspm': '2.2.0',
21 silly publish      'object.assign': '^4.0.4',
21 silly publish      'require-dir': '^0.3.0',
21 silly publish      'run-sequence': '^1.2.2',
21 silly publish      'vinyl-paths': '^2.1.0',
21 silly publish      yargs: '^4.8.1' },
21 silly publish   jspm:
21 silly publish    { registry: 'npm',
21 silly publish      jspmPackage: true,
21 silly publish      main: 'index',
21 silly publish      format: 'amd',
21 silly publish      directories: { dist: 'dist/amd' },
21 silly publish      peerDependencies: {},
21 silly publish      devDependencies: { 'aurelia-polyfills': '^1.0.0-beta.1.1.0' } },
21 silly publish   dependencies: { 'iterate-js': '^1.0.28' },
21 silly publish   readme: '# aurelia-table\n\n## News\n\nA lot of names have changed with this update, including replaceable parts and variable names, the event system now also requires getting the view-model.ref and adding a hook on myTable.events.on(\'\', () =>{});\n\n## About\n\nBare bones bootstrap table/panel setup created as an aurelia element, fixed header, sortable columns/multisort with shift, title as the panel-heading and replaceable parts for button controls. \n\nNOTE: check-box, search-box & progress-bar elements are not included.\n\n![Alt text](http://i.imgur.com/umShMAG.png "Grid Image")\n\n## Installation\n\nInstall package with NPM and add it to your development dependencies:\n\n`npm install --save-dev aurelia-table`\n\n```javascript\naureliaBootstrap(function(aurelia) {\n  aurelia.use\n    .standardConfiguration()\n    .developmentLogging()\n    .plugin(\'aurelia-table\'); // Add Plugin\n\n  aurelia.start().then(() => aurelia.setRoot(\'app\'));\n});\n```\n\n## Dependencies\n\n- Bootstrap (css)\n- Font-Awesome Icons 4.6.3 (sort icons)\n- iterate-js a small (~25kb) library of my own making that assists with the column resizing/row templating/sorting and will help with searching/filtering and more in the future.\n\n## Usage\n\n### View search-box & progress-bar elements not included\n```html\n<template>\n\t<div style="padding: 20px;">\n\t\t<div class="col-md-6">\n\t\t\n      <aurelia-table view-model.ref="myTable">\n          <template replace-part="right-controls">\n              <div style="width: 400px;">\n                  <search-box textchange.bind="handleSearch" placeholder="Search me..."></search-box>\n              </div>\n          </template>\n          <template replace-part="column-header">\n              ${column.header}\n          </template>\n          <template replace-part="static-header">\n              <div if.bind="column.render == \'bar\'">Static Header Rows, whatever content you want</div>\n          </template>\n          <template replace-part="cell">\n              <check-box if.bind="column.render == \'checkbox\'" check.bind="row[column.field]"></check-box>\n              <progress-bar if.bind="column.render == \'bar\'" progress.bind="row[column.field]" max="200">${((row[column.field] / 200) * 100).toFixed(1)}%</progress-bar>\n              <range if.bind="column.render == \'range\'" min.bind="row[column.field].min" max.bind="row[column.field].max" update.bind="row[column.field].update"></range>\n              <date-time if.bind="column.render == \'datetime\'"></date-time>\n              <span if.bind="!column.render">${row[column.field]}</div>\n          </template>\n          <template replace-part="static-summary">\n              <div if.bind="column.render == \'bar\'">Static Summary Rows, whatever content you want</div>\n              <div if.bind="!column.render">${\'Total: \' + row[column.field]}</div>\n          </template>\n      </aurelia-table>\n\t\t\t\n\t\t</div>\n\t</div>\n</template>\n```\n\n### View Model\n```javascript\nexport class Home {\n\tconstructor() {\n    var self = this;\n    self.handleSearch = (event) => {\n      if(self.myTable) {\n        self.myTable.filter = row => (\n          row.value1.toString().contains(event.value, true) ||\n          row.value2.toString().contains(event.value, true)\n        );\n      }\n    };\n\t}\n\n\tattached() {\n    var self = this,\n        number = function(max, min, noround) { // RNG\n            max = Math.ceil(__.is.set(max) ? max : 100);\n            min = Math.floor(__.is.set(min) ? min : 0);\n            if(!noround) {\n                max = Math.ceil(max);\n                min = Math.floor(min);\n                return Math.floor(Math.random() * (max - min + 1)) + min;\n            }\n            return Math.random() * (max - min + 1) + min;\n        },\n        updateSummary = () => { // Set summary total\n            self.myTable.staticSummary[0].value1 = __.math.sum(self.myTable.rows, row => parseInt(row.value1));\n        };\n\n    self.myTable.update({\n      header: \'My Grid\',\n      columns: [\n          { field: \'active\', header: \'Select\', size: \'100px\', render: \'checkbox\', sortable: true, defaultDir: \'desc\', key: x => Boolean(x.active).toString() },\n          { field: \'value1\', header: \'Column 1\', size: \'100px\', sortable: true, key: x => x.value1 },\n          { field: \'value2\', header: \'Progress Bar\', render: \'bar\', sortable: true, dir: \'desc\', key: x => x.value2 },\n          { field: \'value3\', header: \'Range Slider\', render: \'range\' },\n          { field: \'value4\', header: \'Date Time Picker\', render: \'datetime\' }\n      ],\n      rows: __.map(20, () => { // Auto Generating 20 rows\n        var x = { value1: number(50), value2: number(200), value3: { max: number(100, 51), min: 0 }, value4: {  } };\n        x.value3.min = x.value1; // Tie min range to value1\n        x.value3.update = (min, max, limitMin, limitMax) => { // Range update function\n          x.value1 = min;\n          updateSummary();\n        };\n        return x;\n      }),\n      staticHeader: [ {} ], // empty header row\n      staticSummary: [ {} ]  // empty summary row\n    });\n\n    updateSummary();\n\n    // Column Size Responds to Change\n    setTimeout(() => { self.myTable.columns[1].size = \'300px\'; }, 1000);\n\t}\n\t\n\tselect(row) {\n\t  row.active = !row.active\n\t}\n\t\n\ttoggle(row) {\n\t  row.hidden = !row.hidden;\n\t}\n}\n```\n\n## Replaceable Parts Include\n- `right-controls` Right Aligned controls placed on the top panel heading.\n- `left-controls` Left Aligned controls placed on the top panel heading following the header.\n- `header` Replaceable title header currently is `<h3 class="panel-header">${header}</h3>`.\n- `column-header` Column headers, you can access the column variable to get the header here ${column.header}.\n- `static-header` Static headers rows placed below the column headers and above the rows.\n- `cell` Row cells, you can access the row and column variables so to get your value you can ${row[column.field]}.\n- `static-summary` Static summary rows placed below the normal rows.\n\n## Row properties (* Required)\n- `.class`      `[string]`    Set classes on each of the body rows.\n- `.style`      `[string]`    Set styles on each of the body rows.\n- `.active`     `[bool]`      Adds active styling over the row, bootstrap sets the styles.\n- `.hidden`     `[bool]`      Sets hide/show for the row undefined or false results in being shown.\n\n## Column properties (* Required)\n- *`.field`     `[string]`    For your own use to help you locate the property for that column.\n- `.header`     `[string]`    For your own use to help display the column header for that column.\n- `.size`       `[string]`    Sets the column width, must be `px` or `%`. Default is set to `100%`.\n- `.class`      `[string]`    Set classes on each of the columns.\n- `.style`      `[string]`    Set styles on each of the columns, avoid setting width here set in `column.size` instead.\n- `.hidden`     `[bool]`      Sets hide/show for the column undefined or false results in being shown.\n- `.render`     `[string]`    For your own use to help display the column renders if you have differing ones, default value is null.\n- `.sortable`   `[bool]`      Enables sorting interaction on column.\n- `.key`        `[function]`  Path to sortable variable for that column default is `row => row[column.field]`.\n- `.dir`        `[string]`    Sort direction for column. Null turns off sort on the column.\n- `.defaultDir` `[string]`    Default sort direction set when the user first clicks on a column.\n\n\n## Planned Features\n- included elements (maybe) (search-box, progress-bar, check-box)\n- ui virtualization (maybe after it gets out of beta)\n',
21 silly publish   readmeFilename: 'README.md',
21 silly publish   gitHead: '938534b6620867689762d2441a54e9820ca254e8',
21 silly publish   _id: 'aurelia-table@1.0.4',
21 silly publish   scripts: {},
21 silly publish   _shasum: '30fb7e0b0dcae88485f8b0ace7ac1adda913d50a',
21 silly publish   _from: '.' }
22 verbose getPublishConfig undefined
23 silly mapToRegistry name aurelia-table
24 silly mapToRegistry using default registry
25 silly mapToRegistry registry https://registry.npmjs.org/
26 silly mapToRegistry data Result {
26 silly mapToRegistry   raw: 'aurelia-table',
26 silly mapToRegistry   scope: null,
26 silly mapToRegistry   escapedName: 'aurelia-table',
26 silly mapToRegistry   name: 'aurelia-table',
26 silly mapToRegistry   rawSpec: '',
26 silly mapToRegistry   spec: 'latest',
26 silly mapToRegistry   type: 'tag' }
27 silly mapToRegistry uri https://registry.npmjs.org/aurelia-table
28 verbose publish registryBase https://registry.npmjs.org/
29 silly publish uploading C:\Users\Adam\AppData\Roaming\npm-cache\aurelia-table\1.0.4\package.tgz
30 verbose request uri https://registry.npmjs.org/aurelia-table
31 verbose request sending authorization for write operation
32 info attempt registry request try #1 at 7:53:00 PM
33 verbose request using bearer token for auth
34 verbose request id 638f6e6ed63b3f90
35 http request PUT https://registry.npmjs.org/aurelia-table
36 http 403 https://registry.npmjs.org/aurelia-table
37 verbose headers { 'content-type': 'application/json',
37 verbose headers   'cache-control': 'max-age=300',
37 verbose headers   'content-length': '95',
37 verbose headers   'accept-ranges': 'bytes',
37 verbose headers   date: 'Thu, 02 Feb 2017 01:53:01 GMT',
37 verbose headers   via: '1.1 varnish',
37 verbose headers   connection: 'keep-alive',
37 verbose headers   'x-served-by': 'cache-ord1743-ORD',
37 verbose headers   'x-cache': 'MISS',
37 verbose headers   'x-cache-hits': '0',
37 verbose headers   'x-timer': 'S1486000380.404628,VS0,VE1109',
37 verbose headers   vary: 'Accept-Encoding' }
38 verbose request invalidating C:\Users\Adam\AppData\Roaming\npm-cache\registry.npmjs.org\aurelia-table on PUT
39 error publish Failed PUT 403
40 verbose stack Error: "You cannot publish over the previously published version 1.0.4." : aurelia-table
40 verbose stack     at makeError (C:\Program Files\nodejs\node_modules\npm\node_modules\npm-registry-client\lib\request.js:302:12)
40 verbose stack     at CachingRegistryClient.<anonymous> (C:\Program Files\nodejs\node_modules\npm\node_modules\npm-registry-client\lib\request.js:290:14)
40 verbose stack     at Request._callback (C:\Program Files\nodejs\node_modules\npm\node_modules\npm-registry-client\lib\request.js:210:14)
40 verbose stack     at Request.self.callback (C:\Program Files\nodejs\node_modules\npm\node_modules\request\request.js:187:22)
40 verbose stack     at emitTwo (events.js:106:13)
40 verbose stack     at Request.emit (events.js:191:7)
40 verbose stack     at Request.<anonymous> (C:\Program Files\nodejs\node_modules\npm\node_modules\request\request.js:1044:10)
40 verbose stack     at emitOne (events.js:96:13)
40 verbose stack     at Request.emit (events.js:188:7)
40 verbose stack     at IncomingMessage.<anonymous> (C:\Program Files\nodejs\node_modules\npm\node_modules\request\request.js:965:12)
41 verbose statusCode 403
42 verbose pkgid aurelia-table
43 verbose cwd C:\Repositories\aurelia-table
44 error Windows_NT 6.3.9600
45 error argv "C:\\Program Files\\nodejs\\node.exe" "C:\\Program Files\\nodejs\\node_modules\\npm\\bin\\npm-cli.js" "publish"
46 error node v6.9.1
47 error npm  v3.10.8
48 error code E403
49 error "You cannot publish over the previously published version 1.0.4." : aurelia-table
50 error If you need help, you may report this error at:
50 error     <https://github.com/npm/npm/issues>
51 verbose exit [ 1, true ]
